2025-05-04 20:56:15,631 - INFO - 
Starting CBIS-DDSM dataset download...
2025-05-04 20:56:15,636 - WARNING - TCIA_API_KEY environment variable not set.
2025-05-04 20:56:15,636 - INFO - Please register at https://www.cancerimagingarchive.net/tcia-portal/access-tcia/
2025-05-04 20:56:15,636 - INFO - After registration, set your API key as an environment variable:
2025-05-04 20:56:15,636 - INFO - Windows: set TCIA_API_KEY=your_api_key
2025-05-04 20:56:15,636 - INFO - Linux/Mac: export TCIA_API_KEY=your_api_key
2025-05-04 20:56:15,636 - INFO - Fetching series from https://services.cancerimagingarchive.net/services/v4/TCIA/query/getSeries
2025-05-04 20:56:36,914 - INFO - Found 6775 series
2025-05-04 20:56:36,914 - INFO - 
Processing series 1/5: 1.3.6.1.4.1.9590.100.1.2.117041576511324414842508325652101471266
2025-05-04 20:56:36,995 - INFO - Fetching images for series 1.3.6.1.4.1.9590.100.1.2.117041576511324414842508325652101471266
2025-05-04 20:56:47,964 - ERROR - Error downloading series 1.3.6.1.4.1.9590.100.1.2.117041576511324414842508325652101471266: Expecting value: line 1 column 1 (char 0)
2025-05-04 20:56:47,964 - INFO - 
Processing series 2/5: 1.3.6.1.4.1.9590.100.1.2.43873839610761788013224723323225482381
2025-05-04 20:56:47,964 - INFO - Fetching images for series 1.3.6.1.4.1.9590.100.1.2.43873839610761788013224723323225482381
2025-05-04 20:56:53,192 - ERROR - Error downloading series 1.3.6.1.4.1.9590.100.1.2.43873839610761788013224723323225482381: Expecting value: line 1 column 1 (char 0)
2025-05-04 20:56:53,197 - INFO - 
Processing series 3/5: 1.3.6.1.4.1.9590.100.1.2.76741674113167646338262765132488965294
2025-05-04 20:56:53,198 - INFO - Fetching images for series 1.3.6.1.4.1.9590.100.1.2.76741674113167646338262765132488965294
2025-05-04 20:56:58,489 - ERROR - Error downloading series 1.3.6.1.4.1.9590.100.1.2.76741674113167646338262765132488965294: Expecting value: line 1 column 1 (char 0)
2025-05-04 20:56:58,489 - INFO - 
Processing series 4/5: 1.3.6.1.4.1.9590.100.1.2.296931352612305599800425693833437698626
2025-05-04 20:56:58,489 - INFO - Fetching images for series 1.3.6.1.4.1.9590.100.1.2.296931352612305599800425693833437698626
2025-05-04 20:57:04,153 - ERROR - Error downloading series 1.3.6.1.4.1.9590.100.1.2.296931352612305599800425693833437698626: Expecting value: line 1 column 1 (char 0)
2025-05-04 20:57:04,153 - INFO - 
Processing series 5/5: 1.3.6.1.4.1.9590.100.1.2.43665767012035310007732414810147712942
2025-05-04 20:57:04,153 - INFO - Fetching images for series 1.3.6.1.4.1.9590.100.1.2.43665767012035310007732414810147712942
2025-05-04 20:57:09,886 - ERROR - Error downloading series 1.3.6.1.4.1.9590.100.1.2.43665767012035310007732414810147712942: Expecting value: line 1 column 1 (char 0)
2025-05-04 20:57:09,887 - INFO - 
Download complete! 0/5 series downloaded successfully.
2025-05-04 20:57:09,887 - INFO - Data saved to data/CBIS_DDSM
2025-05-04 20:57:09,889 - ERROR - Failed to download data. Check the logs for details.
